<?xml version="1.0" encoding="UTF-8"?>
<!-- Generated by org.testng.reporters.JUnitXMLReporter -->
<testsuite ignored="6" hostname="DESKTOP-CJSKQI6" failures="0" tests="24" name="Test" time="86.241" errors="0" timestamp="2025-09-09T13:39:50 IST">
  <testcase classname="io.cucumber.testng.AbstractTestNGCucumberTests" name="runScenario" time="5.379"/>
  <testcase classname="io.cucumber.testng.AbstractTestNGCucumberTests" name="runScenario" time="5.09"/>
  <testcase classname="io.cucumber.testng.AbstractTestNGCucumberTests" name="runScenario" time="5.005"/>
  <testcase classname="io.cucumber.testng.AbstractTestNGCucumberTests" name="runScenario" time="5.433"/>
  <testcase classname="saucedemo.testclasses.LoginPageTest" name="urlWorking" time="0.102"/>
  <testcase classname="saucedemo.testclasses.LoginPageTest" name="inValidLogin" time="0.866"/>
  <testcase classname="saucedemo.testclasses.LoginPageTest" name="lockedUser" time="0.955"/>
  <testcase classname="saucedemo.testclasses.LoginPageTest" name="validLogin" time="1.045"/>
  <testcase classname="saucedemo.testclasses.ProductPageTest" name="productDisplayed" time="0.397"/>
  <testcase classname="saucedemo.testclasses.ProductPageTest" name="filterTest" time="4.663"/>
  <testcase classname="saucedemo.testclasses.ProductPageTest" name="addProductToCart" time="6.263"/>
  <testcase classname="saucedemo.testclasses.ProductPageTest" name="detailsTest" time="0.786"/>
  <testcase classname="saucedemo.testclasses.ProductPageTest" name="removeProductFromCart" time="14.467"/>
  <testcase classname="saucedemo.testclasses.ProductPageTest" name="goToCartTest" time="6.266"/>
  <testcase classname="saucedemo.testclasses.CartPageTest" name="isCartPageTest" time="0.015"/>
  <testcase classname="saucedemo.testclasses.CartPageTest" name="verifyAddedProductsTest" time="13.428"/>
  <testcase classname="saucedemo.testclasses.CartPageTest" name="clickCheckOutTest" time="1.343"/>
  <testcase classname="saucedemo.testclasses.CheckOutPageTest" name="checkOutPageTest" time="0.013"/>
  <testcase classname="saucedemo.testclasses.CheckOutPageTest" name="checkOutWithoutDetailsTest" time="2.281"/>
  <testcase classname="saucedemo.testclasses.CheckOutPageTest" name="checkOutTest" time="0.854"/>
  <testcase classname="saucedemo.testclasses.CheckOutPageTest" name="verifyTotalAmountTest" time="2.083"/>
  <testcase classname="saucedemo.testclasses.CheckOutPageTest" name="finishOrderingTest" time="2.306"/>
  <testcase classname="saucedemo.testclasses.CheckOutPageTest" name="homepageTest" time="0.227"/>
  <testcase classname="saucedemo.testclasses.CheckOutPageTest" name="logoutTest" time="3.346"/>
  <testcase classname="saucedemo.testclasses.BaseTest" name="@BeforeSuite setup" time="0.0">
    <ignored/>
  </testcase> <!-- @BeforeSuite setup -->
  <testcase classname="saucedemo.testclasses.BaseTest" name="@AfterSuite teardown" time="0.0">
    <ignored/>
  </testcase> <!-- @AfterSuite teardown -->
  <testcase classname="saucedemo.testclasses.BaseTest" name="@AfterSuite teardown" time="0.0">
    <ignored/>
  </testcase> <!-- @AfterSuite teardown -->
  <testcase classname="saucedemo.testclasses.BaseTest" name="@BeforeSuite setup" time="0.0">
    <ignored/>
  </testcase> <!-- @BeforeSuite setup -->
  <testcase classname="saucedemo.testclasses.BaseTest" name="@BeforeSuite setup" time="0.0">
    <ignored/>
  </testcase> <!-- @BeforeSuite setup -->
  <testcase classname="saucedemo.testclasses.BaseTest" name="@AfterSuite teardown" time="0.0">
    <ignored/>
  </testcase> <!-- @AfterSuite teardown -->
</testsuite> <!-- Test -->
