<?xml version="1.0" encoding="UTF-8"?>
<!-- Generated by org.testng.reporters.JUnitXMLReporter -->
<testsuite ignored="6" hostname="DESKTOP-CJSKQI6" failures="0" tests="24" name="Test" time="101.445" errors="0" timestamp="2025-09-09T12:50:25 IST">
  <testcase classname="io.cucumber.testng.AbstractTestNGCucumberTests" name="runScenario" time="8.342"/>
  <testcase classname="io.cucumber.testng.AbstractTestNGCucumberTests" name="runScenario" time="14.199"/>
  <testcase classname="io.cucumber.testng.AbstractTestNGCucumberTests" name="runScenario" time="5.904"/>
  <testcase classname="io.cucumber.testng.AbstractTestNGCucumberTests" name="runScenario" time="5.526"/>
  <testcase classname="saucedemo.testclasses.LoginPageTest" name="urlWorking" time="0.084"/>
  <testcase classname="saucedemo.testclasses.LoginPageTest" name="inValidLogin" time="0.769"/>
  <testcase classname="saucedemo.testclasses.LoginPageTest" name="lockedUser" time="0.563"/>
  <testcase classname="saucedemo.testclasses.LoginPageTest" name="validLogin" time="0.834"/>
  <testcase classname="saucedemo.testclasses.ProductPageTest" name="productDisplayed" time="0.57"/>
  <testcase classname="saucedemo.testclasses.ProductPageTest" name="filterTest" time="4.749"/>
  <testcase classname="saucedemo.testclasses.ProductPageTest" name="addProductToCart" time="6.025"/>
  <testcase classname="saucedemo.testclasses.ProductPageTest" name="detailsTest" time="0.807"/>
  <testcase classname="saucedemo.testclasses.ProductPageTest" name="removeProductFromCart" time="14.641"/>
  <testcase classname="saucedemo.testclasses.ProductPageTest" name="goToCartTest" time="6.286"/>
  <testcase classname="saucedemo.testclasses.CartPageTest" name="isCartPageTest" time="0.051"/>
  <testcase classname="saucedemo.testclasses.CartPageTest" name="verifyAddedProductsTest" time="13.47"/>
  <testcase classname="saucedemo.testclasses.CartPageTest" name="clickCheckOutTest" time="1.446"/>
  <testcase classname="saucedemo.testclasses.CheckOutPageTest" name="checkOutPageTest" time="0.019"/>
  <testcase classname="saucedemo.testclasses.CheckOutPageTest" name="checkOutWithoutDetailsTest" time="2.357"/>
  <testcase classname="saucedemo.testclasses.CheckOutPageTest" name="checkOutTest" time="1.388"/>
  <testcase classname="saucedemo.testclasses.CheckOutPageTest" name="verifyTotalAmountTest" time="2.11"/>
  <testcase classname="saucedemo.testclasses.CheckOutPageTest" name="finishOrderingTest" time="2.309"/>
  <testcase classname="saucedemo.testclasses.CheckOutPageTest" name="homepageTest" time="0.24"/>
  <testcase classname="saucedemo.testclasses.CheckOutPageTest" name="logoutTest" time="3.476"/>
  <testcase classname="saucedemo.testclasses.BaseTest" name="@BeforeSuite setup" time="0.0">
    <ignored/>
  </testcase> <!-- @BeforeSuite setup -->
  <testcase classname="saucedemo.testclasses.BaseTest" name="@AfterSuite teardown" time="0.0">
    <ignored/>
  </testcase> <!-- @AfterSuite teardown -->
  <testcase classname="saucedemo.testclasses.BaseTest" name="@AfterSuite teardown" time="0.0">
    <ignored/>
  </testcase> <!-- @AfterSuite teardown -->
  <testcase classname="saucedemo.testclasses.BaseTest" name="@BeforeSuite setup" time="0.0">
    <ignored/>
  </testcase> <!-- @BeforeSuite setup -->
  <testcase classname="saucedemo.testclasses.BaseTest" name="@BeforeSuite setup" time="0.0">
    <ignored/>
  </testcase> <!-- @BeforeSuite setup -->
  <testcase classname="saucedemo.testclasses.BaseTest" name="@AfterSuite teardown" time="0.0">
    <ignored/>
  </testcase> <!-- @AfterSuite teardown -->
</testsuite> <!-- Test -->
