<?xml version="1.0" encoding="UTF-8"?>
<!-- Generated by org.testng.reporters.JUnitXMLReporter -->
<testsuite ignored="6" hostname="DESKTOP-CJSKQI6" failures="0" tests="24" name="Test" time="93.342" errors="0" timestamp="2025-09-09T13:43:37 IST">
  <testcase classname="io.cucumber.testng.AbstractTestNGCucumberTests" name="runScenario" time="4.515"/>
  <testcase classname="io.cucumber.testng.AbstractTestNGCucumberTests" name="runScenario" time="13.688"/>
  <testcase classname="io.cucumber.testng.AbstractTestNGCucumberTests" name="runScenario" time="9.531"/>
  <testcase classname="io.cucumber.testng.AbstractTestNGCucumberTests" name="runScenario" time="3.95"/>
  <testcase classname="saucedemo.testclasses.LoginPageTest" name="urlWorking" time="0.07"/>
  <testcase classname="saucedemo.testclasses.LoginPageTest" name="inValidLogin" time="0.599"/>
  <testcase classname="saucedemo.testclasses.LoginPageTest" name="lockedUser" time="0.467"/>
  <testcase classname="saucedemo.testclasses.LoginPageTest" name="validLogin" time="0.484"/>
  <testcase classname="saucedemo.testclasses.ProductPageTest" name="productDisplayed" time="0.241"/>
  <testcase classname="saucedemo.testclasses.ProductPageTest" name="filterTest" time="4.582"/>
  <testcase classname="saucedemo.testclasses.ProductPageTest" name="addProductToCart" time="5.795"/>
  <testcase classname="saucedemo.testclasses.ProductPageTest" name="detailsTest" time="0.777"/>
  <testcase classname="saucedemo.testclasses.ProductPageTest" name="removeProductFromCart" time="14.356"/>
  <testcase classname="saucedemo.testclasses.ProductPageTest" name="goToCartTest" time="6.198"/>
  <testcase classname="saucedemo.testclasses.CartPageTest" name="isCartPageTest" time="0.011"/>
  <testcase classname="saucedemo.testclasses.CartPageTest" name="verifyAddedProductsTest" time="13.323"/>
  <testcase classname="saucedemo.testclasses.CartPageTest" name="clickCheckOutTest" time="1.276"/>
  <testcase classname="saucedemo.testclasses.CheckOutPageTest" name="checkOutPageTest" time="0.009"/>
  <testcase classname="saucedemo.testclasses.CheckOutPageTest" name="checkOutWithoutDetailsTest" time="2.24"/>
  <testcase classname="saucedemo.testclasses.CheckOutPageTest" name="checkOutTest" time="0.785"/>
  <testcase classname="saucedemo.testclasses.CheckOutPageTest" name="verifyTotalAmountTest" time="2.065"/>
  <testcase classname="saucedemo.testclasses.CheckOutPageTest" name="finishOrderingTest" time="2.202"/>
  <testcase classname="saucedemo.testclasses.CheckOutPageTest" name="homepageTest" time="0.207"/>
  <testcase classname="saucedemo.testclasses.CheckOutPageTest" name="logoutTest" time="3.289"/>
  <testcase classname="saucedemo.testclasses.BaseTest" name="@BeforeSuite setup" time="0.0">
    <ignored/>
  </testcase> <!-- @BeforeSuite setup -->
  <testcase classname="saucedemo.testclasses.BaseTest" name="@AfterSuite teardown" time="0.0">
    <ignored/>
  </testcase> <!-- @AfterSuite teardown -->
  <testcase classname="saucedemo.testclasses.BaseTest" name="@BeforeSuite setup" time="0.0">
    <ignored/>
  </testcase> <!-- @BeforeSuite setup -->
  <testcase classname="saucedemo.testclasses.BaseTest" name="@AfterSuite teardown" time="0.0">
    <ignored/>
  </testcase> <!-- @AfterSuite teardown -->
  <testcase classname="saucedemo.testclasses.BaseTest" name="@AfterSuite teardown" time="0.0">
    <ignored/>
  </testcase> <!-- @AfterSuite teardown -->
  <testcase classname="saucedemo.testclasses.BaseTest" name="@BeforeSuite setup" time="0.0">
    <ignored/>
  </testcase> <!-- @BeforeSuite setup -->
</testsuite> <!-- Test -->
