<?xml version="1.0" encoding="UTF-8"?>
<testng-results ignored="0" total="24" passed="24" failed="0" skipped="0">
  <reporter-output>
  </reporter-output>
  <suite started-at="2025-10-02T12:43:04 IST" name="Suite" finished-at="2025-10-02T12:44:38 IST" duration-ms="93131">
    <groups>
      <group name="cucumber">
        <method signature="AbstractTestNGCucumberTests.runScenario(io.cucumber.testng.PickleWrapper,io.cucumber.testng.FeatureWrapper)[pri:0, instance:saucedemo.runners.TestRunner@477b4cdf]" name="runScenario" class="io.cucumber.testng.AbstractTestNGCucumberTests"/>
      </group> <!-- cucumber -->
    </groups>
    <test started-at="2025-10-02T12:43:04 IST" name="Test" finished-at="2025-10-02T12:44:38 IST" duration-ms="93131">
      <class name="saucedemo.runners.TestRunner">
        <test-method is-config="true" signature="setUpClass(org.testng.ITestContext)[pri:0, instance:saucedemo.runners.TestRunner@477b4cdf]" started-at="2025-10-02T12:44:09 IST" name="setUpClass" finished-at="2025-10-02T12:44:11 IST" duration-ms="2313" status="PASS">
          <params>
            <param index="0">
              <value>
                <![CDATA[org.testng.TestRunner@3a0aaaf0]]>
              </value>
            </param>
          </params>
          <reporter-output>
          </reporter-output>
        </test-method> <!-- setUpClass -->
        <test-method signature="runScenario(io.cucumber.testng.PickleWrapper,io.cucumber.testng.FeatureWrapper)[pri:0, instance:saucedemo.runners.TestRunner@477b4cdf]" started-at="2025-10-02T12:44:11 IST" name="runScenario" description="Runs Cucumber Scenarios" data-provider="scenarios" finished-at="2025-10-02T12:44:17 IST" duration-ms="5854" status="PASS">
          <params>
            <param index="0">
              <value>
                <![CDATA["Verify URL is working"]]>
              </value>
            </param>
            <param index="1">
              <value>
                <![CDATA["Login Page Tests"]]>
              </value>
            </param>
          </params>
          <reporter-output>
          </reporter-output>
        </test-method> <!-- runScenario -->
        <test-method signature="runScenario(io.cucumber.testng.PickleWrapper,io.cucumber.testng.FeatureWrapper)[pri:0, instance:saucedemo.runners.TestRunner@477b4cdf]" started-at="2025-10-02T12:44:17 IST" name="runScenario" description="Runs Cucumber Scenarios" data-provider="scenarios" finished-at="2025-10-02T12:44:24 IST" duration-ms="7575" status="PASS">
          <params>
            <param index="0">
              <value>
                <![CDATA["Invalid login attempt"]]>
              </value>
            </param>
            <param index="1">
              <value>
                <![CDATA["Login Page Tests"]]>
              </value>
            </param>
          </params>
          <reporter-output>
          </reporter-output>
        </test-method> <!-- runScenario -->
        <test-method signature="runScenario(io.cucumber.testng.PickleWrapper,io.cucumber.testng.FeatureWrapper)[pri:0, instance:saucedemo.runners.TestRunner@477b4cdf]" started-at="2025-10-02T12:44:24 IST" name="runScenario" description="Runs Cucumber Scenarios" data-provider="scenarios" finished-at="2025-10-02T12:44:31 IST" duration-ms="6883" status="PASS">
          <params>
            <param index="0">
              <value>
                <![CDATA["Locked out user login"]]>
              </value>
            </param>
            <param index="1">
              <value>
                <![CDATA["Login Page Tests"]]>
              </value>
            </param>
          </params>
          <reporter-output>
          </reporter-output>
        </test-method> <!-- runScenario -->
        <test-method signature="runScenario(io.cucumber.testng.PickleWrapper,io.cucumber.testng.FeatureWrapper)[pri:0, instance:saucedemo.runners.TestRunner@477b4cdf]" started-at="2025-10-02T12:44:31 IST" name="runScenario" description="Runs Cucumber Scenarios" data-provider="scenarios" finished-at="2025-10-02T12:44:37 IST" duration-ms="6146" status="PASS">
          <params>
            <param index="0">
              <value>
                <![CDATA["Valid login attempt"]]>
              </value>
            </param>
            <param index="1">
              <value>
                <![CDATA["Login Page Tests"]]>
              </value>
            </param>
          </params>
          <reporter-output>
          </reporter-output>
        </test-method> <!-- runScenario -->
        <test-method is-config="true" signature="tearDownClass()[pri:0, instance:saucedemo.runners.TestRunner@477b4cdf]" started-at="2025-10-02T12:44:37 IST" name="tearDownClass" finished-at="2025-10-02T12:44:38 IST" duration-ms="126" status="PASS">
          <reporter-output>
          </reporter-output>
        </test-method> <!-- tearDownClass -->
      </class> <!-- saucedemo.runners.TestRunner -->
      <class name="saucedemo.testclasses.ProductPageTest">
        <test-method is-config="true" signature="init()[pri:0, instance:saucedemo.testclasses.ProductPageTest@7dcf94f8]" started-at="2025-10-02T12:43:09 IST" name="init" finished-at="2025-10-02T12:43:09 IST" duration-ms="4" status="PASS">
          <reporter-output>
          </reporter-output>
        </test-method> <!-- init -->
        <test-method signature="productDisplayed()[pri:1, instance:saucedemo.testclasses.ProductPageTest@7dcf94f8]" started-at="2025-10-02T12:43:09 IST" name="productDisplayed" finished-at="2025-10-02T12:43:09 IST" duration-ms="317" status="PASS">
          <reporter-output>
          </reporter-output>
        </test-method> <!-- productDisplayed -->
        <test-method is-config="true" signature="init()[pri:0, instance:saucedemo.testclasses.ProductPageTest@7dcf94f8]" started-at="2025-10-02T12:43:09 IST" name="init" finished-at="2025-10-02T12:43:09 IST" duration-ms="0" status="PASS">
          <reporter-output>
          </reporter-output>
        </test-method> <!-- init -->
        <test-method signature="filterTest()[pri:2, instance:saucedemo.testclasses.ProductPageTest@7dcf94f8]" started-at="2025-10-02T12:43:09 IST" name="filterTest" finished-at="2025-10-02T12:43:14 IST" duration-ms="4547" status="PASS">
          <reporter-output>
          </reporter-output>
        </test-method> <!-- filterTest -->
        <test-method is-config="true" signature="init()[pri:0, instance:saucedemo.testclasses.ProductPageTest@7dcf94f8]" started-at="2025-10-02T12:43:14 IST" name="init" finished-at="2025-10-02T12:43:14 IST" duration-ms="0" status="PASS">
          <reporter-output>
          </reporter-output>
        </test-method> <!-- init -->
        <test-method signature="addProductToCart()[pri:3, instance:saucedemo.testclasses.ProductPageTest@7dcf94f8]" started-at="2025-10-02T12:43:14 IST" name="addProductToCart" finished-at="2025-10-02T12:43:20 IST" duration-ms="5943" status="PASS">
          <reporter-output>
          </reporter-output>
        </test-method> <!-- addProductToCart -->
        <test-method is-config="true" signature="init()[pri:0, instance:saucedemo.testclasses.ProductPageTest@7dcf94f8]" started-at="2025-10-02T12:43:20 IST" name="init" finished-at="2025-10-02T12:43:20 IST" duration-ms="1" status="PASS">
          <reporter-output>
          </reporter-output>
        </test-method> <!-- init -->
        <test-method signature="detailsTest()[pri:4, instance:saucedemo.testclasses.ProductPageTest@7dcf94f8]" started-at="2025-10-02T12:43:20 IST" name="detailsTest" finished-at="2025-10-02T12:43:20 IST" duration-ms="904" status="PASS">
          <reporter-output>
          </reporter-output>
        </test-method> <!-- detailsTest -->
        <test-method signature="removeProductFromCart()[pri:5, instance:saucedemo.testclasses.ProductPageTest@7dcf94f8]" started-at="2025-10-02T12:43:20 IST" name="removeProductFromCart" finished-at="2025-10-02T12:43:35 IST" duration-ms="14344" status="PASS">
          <reporter-output>
          </reporter-output>
        </test-method> <!-- removeProductFromCart -->
        <test-method is-config="true" signature="init()[pri:0, instance:saucedemo.testclasses.ProductPageTest@7dcf94f8]" started-at="2025-10-02T12:43:20 IST" name="init" finished-at="2025-10-02T12:43:20 IST" duration-ms="0" status="PASS">
          <reporter-output>
          </reporter-output>
        </test-method> <!-- init -->
        <test-method is-config="true" signature="init()[pri:0, instance:saucedemo.testclasses.ProductPageTest@7dcf94f8]" started-at="2025-10-02T12:43:35 IST" name="init" finished-at="2025-10-02T12:43:35 IST" duration-ms="1" status="PASS">
          <reporter-output>
          </reporter-output>
        </test-method> <!-- init -->
        <test-method signature="goToCartTest()[pri:6, instance:saucedemo.testclasses.ProductPageTest@7dcf94f8]" started-at="2025-10-02T12:43:35 IST" name="goToCartTest" finished-at="2025-10-02T12:43:41 IST" duration-ms="5837" status="PASS">
          <reporter-output>
          </reporter-output>
        </test-method> <!-- goToCartTest -->
      </class> <!-- saucedemo.testclasses.ProductPageTest -->
      <class name="saucedemo.testclasses.CartPageTest">
        <test-method is-config="true" signature="init()[pri:0, instance:saucedemo.testclasses.CartPageTest@229f66ed]" started-at="2025-10-02T12:43:41 IST" name="init" finished-at="2025-10-02T12:43:41 IST" duration-ms="2" status="PASS">
          <reporter-output>
          </reporter-output>
        </test-method> <!-- init -->
        <test-method signature="isCartPageTest()[pri:7, instance:saucedemo.testclasses.CartPageTest@229f66ed]" started-at="2025-10-02T12:43:41 IST" name="isCartPageTest" finished-at="2025-10-02T12:43:41 IST" duration-ms="98" status="PASS">
          <reporter-output>
          </reporter-output>
        </test-method> <!-- isCartPageTest -->
        <test-method is-config="true" signature="init()[pri:0, instance:saucedemo.testclasses.CartPageTest@229f66ed]" started-at="2025-10-02T12:43:41 IST" name="init" finished-at="2025-10-02T12:43:41 IST" duration-ms="1" status="PASS">
          <reporter-output>
          </reporter-output>
        </test-method> <!-- init -->
        <test-method signature="verifyAddedProductsTest()[pri:9, instance:saucedemo.testclasses.CartPageTest@229f66ed]" started-at="2025-10-02T12:43:41 IST" name="verifyAddedProductsTest" finished-at="2025-10-02T12:43:53 IST" duration-ms="11807" status="PASS">
          <reporter-output>
          </reporter-output>
        </test-method> <!-- verifyAddedProductsTest -->
        <test-method is-config="true" signature="init()[pri:0, instance:saucedemo.testclasses.CartPageTest@229f66ed]" started-at="2025-10-02T12:43:53 IST" name="init" finished-at="2025-10-02T12:43:53 IST" duration-ms="3" status="PASS">
          <reporter-output>
          </reporter-output>
        </test-method> <!-- init -->
        <test-method signature="clickCheckOutTest()[pri:10, instance:saucedemo.testclasses.CartPageTest@229f66ed]" started-at="2025-10-02T12:43:53 IST" name="clickCheckOutTest" finished-at="2025-10-02T12:43:55 IST" duration-ms="2517" status="PASS">
          <reporter-output>
          </reporter-output>
        </test-method> <!-- clickCheckOutTest -->
      </class> <!-- saucedemo.testclasses.CartPageTest -->
      <class name="saucedemo.testclasses.CheckOutPageTest">
        <test-method is-config="true" signature="init()[pri:0, instance:saucedemo.testclasses.CheckOutPageTest@6743e411]" started-at="2025-10-02T12:43:55 IST" name="init" finished-at="2025-10-02T12:43:55 IST" duration-ms="6" status="PASS">
          <reporter-output>
          </reporter-output>
        </test-method> <!-- init -->
        <test-method signature="checkOutPageTest()[pri:11, instance:saucedemo.testclasses.CheckOutPageTest@6743e411]" started-at="2025-10-02T12:43:55 IST" name="checkOutPageTest" finished-at="2025-10-02T12:43:55 IST" duration-ms="151" status="PASS">
          <reporter-output>
          </reporter-output>
        </test-method> <!-- checkOutPageTest -->
        <test-method is-config="true" signature="init()[pri:0, instance:saucedemo.testclasses.CheckOutPageTest@6743e411]" started-at="2025-10-02T12:43:55 IST" name="init" finished-at="2025-10-02T12:43:55 IST" duration-ms="1" status="PASS">
          <reporter-output>
          </reporter-output>
        </test-method> <!-- init -->
        <test-method signature="checkOutWithoutDetailsTest()[pri:12, instance:saucedemo.testclasses.CheckOutPageTest@6743e411]" started-at="2025-10-02T12:43:55 IST" name="checkOutWithoutDetailsTest" finished-at="2025-10-02T12:43:58 IST" duration-ms="2309" status="PASS">
          <reporter-output>
          </reporter-output>
        </test-method> <!-- checkOutWithoutDetailsTest -->
        <test-method is-config="true" signature="init()[pri:0, instance:saucedemo.testclasses.CheckOutPageTest@6743e411]" started-at="2025-10-02T12:43:58 IST" name="init" finished-at="2025-10-02T12:43:58 IST" duration-ms="1" status="PASS">
          <reporter-output>
          </reporter-output>
        </test-method> <!-- init -->
        <test-method signature="checkOutTest()[pri:13, instance:saucedemo.testclasses.CheckOutPageTest@6743e411]" started-at="2025-10-02T12:43:58 IST" name="checkOutTest" finished-at="2025-10-02T12:43:59 IST" duration-ms="1822" status="PASS">
          <reporter-output>
          </reporter-output>
        </test-method> <!-- checkOutTest -->
        <test-method is-config="true" signature="init()[pri:0, instance:saucedemo.testclasses.CheckOutPageTest@6743e411]" started-at="2025-10-02T12:43:59 IST" name="init" finished-at="2025-10-02T12:43:59 IST" duration-ms="1" status="PASS">
          <reporter-output>
          </reporter-output>
        </test-method> <!-- init -->
        <test-method signature="verifyTotalAmountTest()[pri:14, instance:saucedemo.testclasses.CheckOutPageTest@6743e411]" started-at="2025-10-02T12:43:59 IST" name="verifyTotalAmountTest" finished-at="2025-10-02T12:44:03 IST" duration-ms="3211" status="PASS">
          <reporter-output>
          </reporter-output>
        </test-method> <!-- verifyTotalAmountTest -->
        <test-method is-config="true" signature="init()[pri:0, instance:saucedemo.testclasses.CheckOutPageTest@6743e411]" started-at="2025-10-02T12:44:03 IST" name="init" finished-at="2025-10-02T12:44:03 IST" duration-ms="2" status="PASS">
          <reporter-output>
          </reporter-output>
        </test-method> <!-- init -->
        <test-method signature="finishOrderingTest()[pri:15, instance:saucedemo.testclasses.CheckOutPageTest@6743e411]" started-at="2025-10-02T12:44:03 IST" name="finishOrderingTest" finished-at="2025-10-02T12:44:05 IST" depends-on-methods="saucedemo.testclasses.CheckOutPageTest.verifyTotalAmountTest" duration-ms="2378" status="PASS">
          <reporter-output>
          </reporter-output>
        </test-method> <!-- finishOrderingTest -->
        <test-method is-config="true" signature="init()[pri:0, instance:saucedemo.testclasses.CheckOutPageTest@6743e411]" started-at="2025-10-02T12:44:05 IST" name="init" finished-at="2025-10-02T12:44:05 IST" duration-ms="1" status="PASS">
          <reporter-output>
          </reporter-output>
        </test-method> <!-- init -->
        <test-method signature="homepageTest()[pri:16, instance:saucedemo.testclasses.CheckOutPageTest@6743e411]" started-at="2025-10-02T12:44:05 IST" name="homepageTest" finished-at="2025-10-02T12:44:05 IST" duration-ms="267" status="PASS">
          <reporter-output>
          </reporter-output>
        </test-method> <!-- homepageTest -->
        <test-method is-config="true" signature="init()[pri:0, instance:saucedemo.testclasses.CheckOutPageTest@6743e411]" started-at="2025-10-02T12:44:05 IST" name="init" finished-at="2025-10-02T12:44:05 IST" duration-ms="1" status="PASS">
          <reporter-output>
          </reporter-output>
        </test-method> <!-- init -->
        <test-method signature="logoutTest()[pri:17, instance:saucedemo.testclasses.CheckOutPageTest@6743e411]" started-at="2025-10-02T12:44:05 IST" name="logoutTest" finished-at="2025-10-02T12:44:09 IST" duration-ms="3390" status="PASS">
          <reporter-output>
          </reporter-output>
        </test-method> <!-- logoutTest -->
      </class> <!-- saucedemo.testclasses.CheckOutPageTest -->
      <class name="saucedemo.testclasses.LoginPageTest">
        <test-method is-config="true" signature="setup()[pri:0, instance:saucedemo.testclasses.LoginPageTest@5aa9e4eb]" started-at="2025-10-02T12:42:54 IST" name="setup" finished-at="2025-10-02T12:43:04 IST" duration-ms="10692" status="PASS">
          <reporter-output>
          </reporter-output>
        </test-method> <!-- setup -->
        <test-method is-config="true" signature="init()[pri:0, instance:saucedemo.testclasses.LoginPageTest@5aa9e4eb]" started-at="2025-10-02T12:43:06 IST" name="init" finished-at="2025-10-02T12:43:06 IST" duration-ms="6" status="PASS">
          <reporter-output>
          </reporter-output>
        </test-method> <!-- init -->
        <test-method signature="urlWorking()[pri:1, instance:saucedemo.testclasses.LoginPageTest@5aa9e4eb]" started-at="2025-10-02T12:43:06 IST" name="urlWorking" finished-at="2025-10-02T12:43:06 IST" duration-ms="320" status="PASS">
          <reporter-output>
          </reporter-output>
        </test-method> <!-- urlWorking -->
        <test-method is-config="true" signature="close()[pri:0, instance:saucedemo.testclasses.LoginPageTest@5aa9e4eb]" started-at="2025-10-02T12:43:06 IST" name="close" finished-at="2025-10-02T12:43:06 IST" duration-ms="322" status="PASS">
          <reporter-output>
          </reporter-output>
        </test-method> <!-- close -->
        <test-method signature="inValidLogin()[pri:2, instance:saucedemo.testclasses.LoginPageTest@5aa9e4eb]" started-at="2025-10-02T12:43:06 IST" name="inValidLogin" finished-at="2025-10-02T12:43:07 IST" duration-ms="861" status="PASS">
          <reporter-output>
          </reporter-output>
        </test-method> <!-- inValidLogin -->
        <test-method is-config="true" signature="init()[pri:0, instance:saucedemo.testclasses.LoginPageTest@5aa9e4eb]" started-at="2025-10-02T12:43:06 IST" name="init" finished-at="2025-10-02T12:43:06 IST" duration-ms="0" status="PASS">
          <reporter-output>
          </reporter-output>
        </test-method> <!-- init -->
        <test-method is-config="true" signature="close()[pri:0, instance:saucedemo.testclasses.LoginPageTest@5aa9e4eb]" started-at="2025-10-02T12:43:07 IST" name="close" finished-at="2025-10-02T12:43:07 IST" duration-ms="161" status="PASS">
          <reporter-output>
          </reporter-output>
        </test-method> <!-- close -->
        <test-method is-config="true" signature="init()[pri:0, instance:saucedemo.testclasses.LoginPageTest@5aa9e4eb]" started-at="2025-10-02T12:43:07 IST" name="init" finished-at="2025-10-02T12:43:07 IST" duration-ms="0" status="PASS">
          <reporter-output>
          </reporter-output>
        </test-method> <!-- init -->
        <test-method signature="lockedUser()[pri:3, instance:saucedemo.testclasses.LoginPageTest@5aa9e4eb]" started-at="2025-10-02T12:43:07 IST" name="lockedUser" finished-at="2025-10-02T12:43:08 IST" duration-ms="545" status="PASS">
          <reporter-output>
          </reporter-output>
        </test-method> <!-- lockedUser -->
        <test-method is-config="true" signature="close()[pri:0, instance:saucedemo.testclasses.LoginPageTest@5aa9e4eb]" started-at="2025-10-02T12:43:08 IST" name="close" finished-at="2025-10-02T12:43:08 IST" duration-ms="88" status="PASS">
          <reporter-output>
          </reporter-output>
        </test-method> <!-- close -->
        <test-method is-config="true" signature="init()[pri:0, instance:saucedemo.testclasses.LoginPageTest@5aa9e4eb]" started-at="2025-10-02T12:43:08 IST" name="init" finished-at="2025-10-02T12:43:08 IST" duration-ms="1" status="PASS">
          <reporter-output>
          </reporter-output>
        </test-method> <!-- init -->
        <test-method signature="validLogin()[pri:4, instance:saucedemo.testclasses.LoginPageTest@5aa9e4eb]" started-at="2025-10-02T12:43:08 IST" name="validLogin" finished-at="2025-10-02T12:43:09 IST" duration-ms="579" status="PASS">
          <reporter-output>
          </reporter-output>
        </test-method> <!-- validLogin -->
        <test-method is-config="true" signature="close()[pri:0, instance:saucedemo.testclasses.LoginPageTest@5aa9e4eb]" started-at="2025-10-02T12:43:09 IST" name="close" finished-at="2025-10-02T12:43:09 IST" duration-ms="120" status="PASS">
          <reporter-output>
          </reporter-output>
        </test-method> <!-- close -->
        <test-method is-config="true" signature="teardown()[pri:0, instance:saucedemo.testclasses.LoginPageTest@5aa9e4eb]" started-at="2025-10-02T12:44:40 IST" name="teardown" finished-at="2025-10-02T12:44:40 IST" duration-ms="475" status="PASS">
          <reporter-output>
          </reporter-output>
        </test-method> <!-- teardown -->
      </class> <!-- saucedemo.testclasses.LoginPageTest -->
    </test> <!-- Test -->
  </suite> <!-- Suite -->
</testng-results>
