<?xml version="1.0" encoding="UTF-8"?>
<testng-results ignored="0" total="24" passed="24" failed="0" skipped="0">
  <reporter-output>
  </reporter-output>
  <suite started-at="2025-09-27T12:43:06 IST" name="Suite" finished-at="2025-09-27T12:44:22 IST" duration-ms="75782">
    <groups>
      <group name="cucumber">
        <method signature="AbstractTestNGCucumberTests.runScenario(io.cucumber.testng.PickleWrapper,io.cucumber.testng.FeatureWrapper)[pri:0, instance:saucedemo.runners.TestRunner@477b4cdf]" name="runScenario" class="io.cucumber.testng.AbstractTestNGCucumberTests"/>
      </group> <!-- cucumber -->
    </groups>
    <test started-at="2025-09-27T12:43:06 IST" name="Test" finished-at="2025-09-27T12:44:22 IST" duration-ms="75782">
      <class name="saucedemo.runners.TestRunner">
        <test-method is-config="true" signature="setUpClass(org.testng.ITestContext)[pri:0, instance:saucedemo.runners.TestRunner@477b4cdf]" started-at="2025-09-27T12:44:07 IST" name="setUpClass" finished-at="2025-09-27T12:44:08 IST" duration-ms="1238" status="PASS">
          <params>
            <param index="0">
              <value>
                <![CDATA[org.testng.TestRunner@3e28d779]]>
              </value>
            </param>
          </params>
          <reporter-output>
          </reporter-output>
        </test-method> <!-- setUpClass -->
        <test-method signature="runScenario(io.cucumber.testng.PickleWrapper,io.cucumber.testng.FeatureWrapper)[pri:0, instance:saucedemo.runners.TestRunner@477b4cdf]" started-at="2025-09-27T12:44:08 IST" name="runScenario" description="Runs Cucumber Scenarios" data-provider="scenarios" finished-at="2025-09-27T12:44:11 IST" duration-ms="3068" status="PASS">
          <params>
            <param index="0">
              <value>
                <![CDATA["Verify URL is working"]]>
              </value>
            </param>
            <param index="1">
              <value>
                <![CDATA["Login Page Tests"]]>
              </value>
            </param>
          </params>
          <reporter-output>
          </reporter-output>
        </test-method> <!-- runScenario -->
        <test-method signature="runScenario(io.cucumber.testng.PickleWrapper,io.cucumber.testng.FeatureWrapper)[pri:0, instance:saucedemo.runners.TestRunner@477b4cdf]" started-at="2025-09-27T12:44:11 IST" name="runScenario" description="Runs Cucumber Scenarios" data-provider="scenarios" finished-at="2025-09-27T12:44:15 IST" duration-ms="3627" status="PASS">
          <params>
            <param index="0">
              <value>
                <![CDATA["Invalid login attempt"]]>
              </value>
            </param>
            <param index="1">
              <value>
                <![CDATA["Login Page Tests"]]>
              </value>
            </param>
          </params>
          <reporter-output>
          </reporter-output>
        </test-method> <!-- runScenario -->
        <test-method signature="runScenario(io.cucumber.testng.PickleWrapper,io.cucumber.testng.FeatureWrapper)[pri:0, instance:saucedemo.runners.TestRunner@477b4cdf]" started-at="2025-09-27T12:44:15 IST" name="runScenario" description="Runs Cucumber Scenarios" data-provider="scenarios" finished-at="2025-09-27T12:44:18 IST" duration-ms="3239" status="PASS">
          <params>
            <param index="0">
              <value>
                <![CDATA["Locked out user login"]]>
              </value>
            </param>
            <param index="1">
              <value>
                <![CDATA["Login Page Tests"]]>
              </value>
            </param>
          </params>
          <reporter-output>
          </reporter-output>
        </test-method> <!-- runScenario -->
        <test-method signature="runScenario(io.cucumber.testng.PickleWrapper,io.cucumber.testng.FeatureWrapper)[pri:0, instance:saucedemo.runners.TestRunner@477b4cdf]" started-at="2025-09-27T12:44:18 IST" name="runScenario" description="Runs Cucumber Scenarios" data-provider="scenarios" finished-at="2025-09-27T12:44:22 IST" duration-ms="3298" status="PASS">
          <params>
            <param index="0">
              <value>
                <![CDATA["Valid login attempt"]]>
              </value>
            </param>
            <param index="1">
              <value>
                <![CDATA["Login Page Tests"]]>
              </value>
            </param>
          </params>
          <reporter-output>
          </reporter-output>
        </test-method> <!-- runScenario -->
        <test-method is-config="true" signature="tearDownClass()[pri:0, instance:saucedemo.runners.TestRunner@477b4cdf]" started-at="2025-09-27T12:44:22 IST" name="tearDownClass" finished-at="2025-09-27T12:44:22 IST" duration-ms="95" status="PASS">
          <reporter-output>
          </reporter-output>
        </test-method> <!-- tearDownClass -->
      </class> <!-- saucedemo.runners.TestRunner -->
      <class name="saucedemo.testclasses.ProductPageTest">
        <test-method is-config="true" signature="init()[pri:0, instance:saucedemo.testclasses.ProductPageTest@7dcf94f8]" started-at="2025-09-27T12:43:11 IST" name="init" finished-at="2025-09-27T12:43:11 IST" duration-ms="4" status="PASS">
          <reporter-output>
          </reporter-output>
        </test-method> <!-- init -->
        <test-method signature="productDisplayed()[pri:1, instance:saucedemo.testclasses.ProductPageTest@7dcf94f8]" started-at="2025-09-27T12:43:11 IST" name="productDisplayed" finished-at="2025-09-27T12:43:11 IST" duration-ms="382" status="PASS">
          <reporter-output>
          </reporter-output>
        </test-method> <!-- productDisplayed -->
        <test-method is-config="true" signature="init()[pri:0, instance:saucedemo.testclasses.ProductPageTest@7dcf94f8]" started-at="2025-09-27T12:43:11 IST" name="init" finished-at="2025-09-27T12:43:11 IST" duration-ms="1" status="PASS">
          <reporter-output>
          </reporter-output>
        </test-method> <!-- init -->
        <test-method signature="filterTest()[pri:2, instance:saucedemo.testclasses.ProductPageTest@7dcf94f8]" started-at="2025-09-27T12:43:11 IST" name="filterTest" finished-at="2025-09-27T12:43:16 IST" duration-ms="4587" status="PASS">
          <reporter-output>
          </reporter-output>
        </test-method> <!-- filterTest -->
        <test-method is-config="true" signature="init()[pri:0, instance:saucedemo.testclasses.ProductPageTest@7dcf94f8]" started-at="2025-09-27T12:43:16 IST" name="init" finished-at="2025-09-27T12:43:16 IST" duration-ms="1" status="PASS">
          <reporter-output>
          </reporter-output>
        </test-method> <!-- init -->
        <test-method signature="addProductToCart()[pri:3, instance:saucedemo.testclasses.ProductPageTest@7dcf94f8]" started-at="2025-09-27T12:43:16 IST" name="addProductToCart" finished-at="2025-09-27T12:43:22 IST" duration-ms="5885" status="PASS">
          <reporter-output>
          </reporter-output>
        </test-method> <!-- addProductToCart -->
        <test-method is-config="true" signature="init()[pri:0, instance:saucedemo.testclasses.ProductPageTest@7dcf94f8]" started-at="2025-09-27T12:43:22 IST" name="init" finished-at="2025-09-27T12:43:22 IST" duration-ms="2" status="PASS">
          <reporter-output>
          </reporter-output>
        </test-method> <!-- init -->
        <test-method signature="detailsTest()[pri:4, instance:saucedemo.testclasses.ProductPageTest@7dcf94f8]" started-at="2025-09-27T12:43:22 IST" name="detailsTest" finished-at="2025-09-27T12:43:23 IST" duration-ms="777" status="PASS">
          <reporter-output>
          </reporter-output>
        </test-method> <!-- detailsTest -->
        <test-method is-config="true" signature="init()[pri:0, instance:saucedemo.testclasses.ProductPageTest@7dcf94f8]" started-at="2025-09-27T12:43:23 IST" name="init" finished-at="2025-09-27T12:43:23 IST" duration-ms="1" status="PASS">
          <reporter-output>
          </reporter-output>
        </test-method> <!-- init -->
        <test-method signature="removeProductFromCart()[pri:5, instance:saucedemo.testclasses.ProductPageTest@7dcf94f8]" started-at="2025-09-27T12:43:23 IST" name="removeProductFromCart" finished-at="2025-09-27T12:43:37 IST" duration-ms="14210" status="PASS">
          <reporter-output>
          </reporter-output>
        </test-method> <!-- removeProductFromCart -->
        <test-method is-config="true" signature="init()[pri:0, instance:saucedemo.testclasses.ProductPageTest@7dcf94f8]" started-at="2025-09-27T12:43:37 IST" name="init" finished-at="2025-09-27T12:43:37 IST" duration-ms="1" status="PASS">
          <reporter-output>
          </reporter-output>
        </test-method> <!-- init -->
        <test-method signature="goToCartTest()[pri:6, instance:saucedemo.testclasses.ProductPageTest@7dcf94f8]" started-at="2025-09-27T12:43:37 IST" name="goToCartTest" finished-at="2025-09-27T12:43:43 IST" duration-ms="5861" status="PASS">
          <reporter-output>
          </reporter-output>
        </test-method> <!-- goToCartTest -->
      </class> <!-- saucedemo.testclasses.ProductPageTest -->
      <class name="saucedemo.testclasses.CartPageTest">
        <test-method is-config="true" signature="init()[pri:0, instance:saucedemo.testclasses.CartPageTest@229f66ed]" started-at="2025-09-27T12:43:43 IST" name="init" finished-at="2025-09-27T12:43:43 IST" duration-ms="3" status="PASS">
          <reporter-output>
          </reporter-output>
        </test-method> <!-- init -->
        <test-method signature="isCartPageTest()[pri:7, instance:saucedemo.testclasses.CartPageTest@229f66ed]" started-at="2025-09-27T12:43:43 IST" name="isCartPageTest" finished-at="2025-09-27T12:43:43 IST" duration-ms="92" status="PASS">
          <reporter-output>
          </reporter-output>
        </test-method> <!-- isCartPageTest -->
        <test-method is-config="true" signature="init()[pri:0, instance:saucedemo.testclasses.CartPageTest@229f66ed]" started-at="2025-09-27T12:43:43 IST" name="init" finished-at="2025-09-27T12:43:43 IST" duration-ms="1" status="PASS">
          <reporter-output>
          </reporter-output>
        </test-method> <!-- init -->
        <test-method signature="verifyAddedProductsTest()[pri:9, instance:saucedemo.testclasses.CartPageTest@229f66ed]" started-at="2025-09-27T12:43:43 IST" name="verifyAddedProductsTest" finished-at="2025-09-27T12:43:53 IST" duration-ms="10183" status="PASS">
          <reporter-output>
          </reporter-output>
        </test-method> <!-- verifyAddedProductsTest -->
        <test-method is-config="true" signature="init()[pri:0, instance:saucedemo.testclasses.CartPageTest@229f66ed]" started-at="2025-09-27T12:43:53 IST" name="init" finished-at="2025-09-27T12:43:53 IST" duration-ms="1" status="PASS">
          <reporter-output>
          </reporter-output>
        </test-method> <!-- init -->
        <test-method signature="clickCheckOutTest()[pri:10, instance:saucedemo.testclasses.CartPageTest@229f66ed]" started-at="2025-09-27T12:43:53 IST" name="clickCheckOutTest" finished-at="2025-09-27T12:43:55 IST" duration-ms="2343" status="PASS">
          <reporter-output>
          </reporter-output>
        </test-method> <!-- clickCheckOutTest -->
      </class> <!-- saucedemo.testclasses.CartPageTest -->
      <class name="saucedemo.testclasses.CheckOutPageTest">
        <test-method is-config="true" signature="init()[pri:0, instance:saucedemo.testclasses.CheckOutPageTest@6743e411]" started-at="2025-09-27T12:43:55 IST" name="init" finished-at="2025-09-27T12:43:55 IST" duration-ms="3" status="PASS">
          <reporter-output>
          </reporter-output>
        </test-method> <!-- init -->
        <test-method signature="checkOutPageTest()[pri:11, instance:saucedemo.testclasses.CheckOutPageTest@6743e411]" started-at="2025-09-27T12:43:55 IST" name="checkOutPageTest" finished-at="2025-09-27T12:43:55 IST" duration-ms="92" status="PASS">
          <reporter-output>
          </reporter-output>
        </test-method> <!-- checkOutPageTest -->
        <test-method signature="checkOutWithoutDetailsTest()[pri:12, instance:saucedemo.testclasses.CheckOutPageTest@6743e411]" started-at="2025-09-27T12:43:55 IST" name="checkOutWithoutDetailsTest" finished-at="2025-09-27T12:43:58 IST" duration-ms="2231" status="PASS">
          <reporter-output>
          </reporter-output>
        </test-method> <!-- checkOutWithoutDetailsTest -->
        <test-method is-config="true" signature="init()[pri:0, instance:saucedemo.testclasses.CheckOutPageTest@6743e411]" started-at="2025-09-27T12:43:55 IST" name="init" finished-at="2025-09-27T12:43:55 IST" duration-ms="0" status="PASS">
          <reporter-output>
          </reporter-output>
        </test-method> <!-- init -->
        <test-method is-config="true" signature="init()[pri:0, instance:saucedemo.testclasses.CheckOutPageTest@6743e411]" started-at="2025-09-27T12:43:58 IST" name="init" finished-at="2025-09-27T12:43:58 IST" duration-ms="1" status="PASS">
          <reporter-output>
          </reporter-output>
        </test-method> <!-- init -->
        <test-method signature="checkOutTest()[pri:13, instance:saucedemo.testclasses.CheckOutPageTest@6743e411]" started-at="2025-09-27T12:43:58 IST" name="checkOutTest" finished-at="2025-09-27T12:43:58 IST" duration-ms="747" status="PASS">
          <reporter-output>
          </reporter-output>
        </test-method> <!-- checkOutTest -->
        <test-method is-config="true" signature="init()[pri:0, instance:saucedemo.testclasses.CheckOutPageTest@6743e411]" started-at="2025-09-27T12:43:58 IST" name="init" finished-at="2025-09-27T12:43:58 IST" duration-ms="1" status="PASS">
          <reporter-output>
          </reporter-output>
        </test-method> <!-- init -->
        <test-method signature="verifyTotalAmountTest()[pri:14, instance:saucedemo.testclasses.CheckOutPageTest@6743e411]" started-at="2025-09-27T12:43:58 IST" name="verifyTotalAmountTest" finished-at="2025-09-27T12:44:01 IST" duration-ms="3150" status="PASS">
          <reporter-output>
          </reporter-output>
        </test-method> <!-- verifyTotalAmountTest -->
        <test-method signature="finishOrderingTest()[pri:15, instance:saucedemo.testclasses.CheckOutPageTest@6743e411]" started-at="2025-09-27T12:44:01 IST" name="finishOrderingTest" finished-at="2025-09-27T12:44:04 IST" depends-on-methods="saucedemo.testclasses.CheckOutPageTest.verifyTotalAmountTest" duration-ms="2224" status="PASS">
          <reporter-output>
          </reporter-output>
        </test-method> <!-- finishOrderingTest -->
        <test-method is-config="true" signature="init()[pri:0, instance:saucedemo.testclasses.CheckOutPageTest@6743e411]" started-at="2025-09-27T12:44:01 IST" name="init" finished-at="2025-09-27T12:44:01 IST" duration-ms="0" status="PASS">
          <reporter-output>
          </reporter-output>
        </test-method> <!-- init -->
        <test-method is-config="true" signature="init()[pri:0, instance:saucedemo.testclasses.CheckOutPageTest@6743e411]" started-at="2025-09-27T12:44:04 IST" name="init" finished-at="2025-09-27T12:44:04 IST" duration-ms="1" status="PASS">
          <reporter-output>
          </reporter-output>
        </test-method> <!-- init -->
        <test-method signature="homepageTest()[pri:16, instance:saucedemo.testclasses.CheckOutPageTest@6743e411]" started-at="2025-09-27T12:44:04 IST" name="homepageTest" finished-at="2025-09-27T12:44:04 IST" duration-ms="157" status="PASS">
          <reporter-output>
          </reporter-output>
        </test-method> <!-- homepageTest -->
        <test-method signature="logoutTest()[pri:17, instance:saucedemo.testclasses.CheckOutPageTest@6743e411]" started-at="2025-09-27T12:44:04 IST" name="logoutTest" finished-at="2025-09-27T12:44:07 IST" duration-ms="3272" status="PASS">
          <reporter-output>
          </reporter-output>
        </test-method> <!-- logoutTest -->
        <test-method is-config="true" signature="init()[pri:0, instance:saucedemo.testclasses.CheckOutPageTest@6743e411]" started-at="2025-09-27T12:44:04 IST" name="init" finished-at="2025-09-27T12:44:04 IST" duration-ms="0" status="PASS">
          <reporter-output>
          </reporter-output>
        </test-method> <!-- init -->
      </class> <!-- saucedemo.testclasses.CheckOutPageTest -->
      <class name="saucedemo.testclasses.LoginPageTest">
        <test-method is-config="true" signature="setup()[pri:0, instance:saucedemo.testclasses.LoginPageTest@5aa9e4eb]" started-at="2025-09-27T12:43:00 IST" name="setup" finished-at="2025-09-27T12:43:06 IST" duration-ms="5922" status="PASS">
          <reporter-output>
          </reporter-output>
        </test-method> <!-- setup -->
        <test-method is-config="true" signature="init()[pri:0, instance:saucedemo.testclasses.LoginPageTest@5aa9e4eb]" started-at="2025-09-27T12:43:07 IST" name="init" finished-at="2025-09-27T12:43:07 IST" duration-ms="8" status="PASS">
          <reporter-output>
          </reporter-output>
        </test-method> <!-- init -->
        <test-method signature="urlWorking()[pri:1, instance:saucedemo.testclasses.LoginPageTest@5aa9e4eb]" started-at="2025-09-27T12:43:07 IST" name="urlWorking" finished-at="2025-09-27T12:43:08 IST" duration-ms="750" status="PASS">
          <reporter-output>
          </reporter-output>
        </test-method> <!-- urlWorking -->
        <test-method is-config="true" signature="close()[pri:0, instance:saucedemo.testclasses.LoginPageTest@5aa9e4eb]" started-at="2025-09-27T12:43:08 IST" name="close" finished-at="2025-09-27T12:43:08 IST" duration-ms="439" status="PASS">
          <reporter-output>
          </reporter-output>
        </test-method> <!-- close -->
        <test-method is-config="true" signature="init()[pri:0, instance:saucedemo.testclasses.LoginPageTest@5aa9e4eb]" started-at="2025-09-27T12:43:08 IST" name="init" finished-at="2025-09-27T12:43:08 IST" duration-ms="1" status="PASS">
          <reporter-output>
          </reporter-output>
        </test-method> <!-- init -->
        <test-method signature="inValidLogin()[pri:2, instance:saucedemo.testclasses.LoginPageTest@5aa9e4eb]" started-at="2025-09-27T12:43:08 IST" name="inValidLogin" finished-at="2025-09-27T12:43:09 IST" duration-ms="997" status="PASS">
          <reporter-output>
          </reporter-output>
        </test-method> <!-- inValidLogin -->
        <test-method is-config="true" signature="close()[pri:0, instance:saucedemo.testclasses.LoginPageTest@5aa9e4eb]" started-at="2025-09-27T12:43:09 IST" name="close" finished-at="2025-09-27T12:43:09 IST" duration-ms="97" status="PASS">
          <reporter-output>
          </reporter-output>
        </test-method> <!-- close -->
        <test-method is-config="true" signature="init()[pri:0, instance:saucedemo.testclasses.LoginPageTest@5aa9e4eb]" started-at="2025-09-27T12:43:09 IST" name="init" finished-at="2025-09-27T12:43:09 IST" duration-ms="2" status="PASS">
          <reporter-output>
          </reporter-output>
        </test-method> <!-- init -->
        <test-method signature="lockedUser()[pri:3, instance:saucedemo.testclasses.LoginPageTest@5aa9e4eb]" started-at="2025-09-27T12:43:09 IST" name="lockedUser" finished-at="2025-09-27T12:43:10 IST" duration-ms="686" status="PASS">
          <reporter-output>
          </reporter-output>
        </test-method> <!-- lockedUser -->
        <test-method is-config="true" signature="close()[pri:0, instance:saucedemo.testclasses.LoginPageTest@5aa9e4eb]" started-at="2025-09-27T12:43:10 IST" name="close" finished-at="2025-09-27T12:43:10 IST" duration-ms="94" status="PASS">
          <reporter-output>
          </reporter-output>
        </test-method> <!-- close -->
        <test-method is-config="true" signature="init()[pri:0, instance:saucedemo.testclasses.LoginPageTest@5aa9e4eb]" started-at="2025-09-27T12:43:10 IST" name="init" finished-at="2025-09-27T12:43:10 IST" duration-ms="1" status="PASS">
          <reporter-output>
          </reporter-output>
        </test-method> <!-- init -->
        <test-method signature="validLogin()[pri:4, instance:saucedemo.testclasses.LoginPageTest@5aa9e4eb]" started-at="2025-09-27T12:43:10 IST" name="validLogin" finished-at="2025-09-27T12:43:11 IST" duration-ms="638" status="PASS">
          <reporter-output>
          </reporter-output>
        </test-method> <!-- validLogin -->
        <test-method is-config="true" signature="close()[pri:0, instance:saucedemo.testclasses.LoginPageTest@5aa9e4eb]" started-at="2025-09-27T12:43:11 IST" name="close" finished-at="2025-09-27T12:43:11 IST" duration-ms="79" status="PASS">
          <reporter-output>
          </reporter-output>
        </test-method> <!-- close -->
        <test-method is-config="true" signature="teardown()[pri:0, instance:saucedemo.testclasses.LoginPageTest@5aa9e4eb]" started-at="2025-09-27T12:44:23 IST" name="teardown" finished-at="2025-09-27T12:44:23 IST" duration-ms="293" status="PASS">
          <reporter-output>
          </reporter-output>
        </test-method> <!-- teardown -->
      </class> <!-- saucedemo.testclasses.LoginPageTest -->
    </test> <!-- Test -->
  </suite> <!-- Suite -->
</testng-results>
