<?xml version="1.0" encoding="UTF-8"?>
<testng-results ignored="0" total="20" passed="20" failed="0" skipped="0">
  <reporter-output>
  </reporter-output>
  <suite started-at="2025-09-09T12:18:43 IST" name="Suite" finished-at="2025-09-09T12:19:45 IST" duration-ms="61627">
    <groups>
    </groups>
    <test started-at="2025-09-09T12:18:43 IST" name="Test" finished-at="2025-09-09T12:19:45 IST" duration-ms="61627">
      <class name="saucedemo.testclasses.ProductPageTest">
        <test-method is-config="true" signature="init()[pri:0, instance:saucedemo.testclasses.ProductPageTest@7530ad9c]" started-at="2025-09-09T12:18:48 IST" name="init" finished-at="2025-09-09T12:18:48 IST" duration-ms="2" status="PASS">
          <reporter-output>
          </reporter-output>
        </test-method> <!-- init -->
        <test-method signature="productDisplayed()[pri:1, instance:saucedemo.testclasses.ProductPageTest@7530ad9c]" started-at="2025-09-09T12:18:48 IST" name="productDisplayed" finished-at="2025-09-09T12:18:48 IST" duration-ms="291" status="PASS">
          <reporter-output>
          </reporter-output>
        </test-method> <!-- productDisplayed -->
        <test-method is-config="true" signature="init()[pri:0, instance:saucedemo.testclasses.ProductPageTest@7530ad9c]" started-at="2025-09-09T12:18:48 IST" name="init" finished-at="2025-09-09T12:18:48 IST" duration-ms="1" status="PASS">
          <reporter-output>
          </reporter-output>
        </test-method> <!-- init -->
        <test-method signature="filterTest()[pri:2, instance:saucedemo.testclasses.ProductPageTest@7530ad9c]" started-at="2025-09-09T12:18:48 IST" name="filterTest" finished-at="2025-09-09T12:18:52 IST" duration-ms="4616" status="PASS">
          <reporter-output>
          </reporter-output>
        </test-method> <!-- filterTest -->
        <test-method is-config="true" signature="init()[pri:0, instance:saucedemo.testclasses.ProductPageTest@7530ad9c]" started-at="2025-09-09T12:18:52 IST" name="init" finished-at="2025-09-09T12:18:52 IST" duration-ms="1" status="PASS">
          <reporter-output>
          </reporter-output>
        </test-method> <!-- init -->
        <test-method signature="addProductToCart()[pri:3, instance:saucedemo.testclasses.ProductPageTest@7530ad9c]" started-at="2025-09-09T12:18:52 IST" name="addProductToCart" finished-at="2025-09-09T12:18:58 IST" duration-ms="6051" status="PASS">
          <reporter-output>
          </reporter-output>
        </test-method> <!-- addProductToCart -->
        <test-method is-config="true" signature="init()[pri:0, instance:saucedemo.testclasses.ProductPageTest@7530ad9c]" started-at="2025-09-09T12:18:58 IST" name="init" finished-at="2025-09-09T12:18:58 IST" duration-ms="1" status="PASS">
          <reporter-output>
          </reporter-output>
        </test-method> <!-- init -->
        <test-method signature="detailsTest()[pri:4, instance:saucedemo.testclasses.ProductPageTest@7530ad9c]" started-at="2025-09-09T12:18:58 IST" name="detailsTest" finished-at="2025-09-09T12:18:59 IST" duration-ms="727" status="PASS">
          <reporter-output>
          </reporter-output>
        </test-method> <!-- detailsTest -->
        <test-method is-config="true" signature="init()[pri:0, instance:saucedemo.testclasses.ProductPageTest@7530ad9c]" started-at="2025-09-09T12:18:59 IST" name="init" finished-at="2025-09-09T12:18:59 IST" duration-ms="1" status="PASS">
          <reporter-output>
          </reporter-output>
        </test-method> <!-- init -->
        <test-method signature="removeProductFromCart()[pri:5, instance:saucedemo.testclasses.ProductPageTest@7530ad9c]" started-at="2025-09-09T12:18:59 IST" name="removeProductFromCart" finished-at="2025-09-09T12:19:14 IST" duration-ms="14303" status="PASS">
          <reporter-output>
          </reporter-output>
        </test-method> <!-- removeProductFromCart -->
        <test-method is-config="true" signature="init()[pri:0, instance:saucedemo.testclasses.ProductPageTest@7530ad9c]" started-at="2025-09-09T12:19:14 IST" name="init" finished-at="2025-09-09T12:19:14 IST" duration-ms="1" status="PASS">
          <reporter-output>
          </reporter-output>
        </test-method> <!-- init -->
        <test-method signature="goToCartTest()[pri:6, instance:saucedemo.testclasses.ProductPageTest@7530ad9c]" started-at="2025-09-09T12:19:14 IST" name="goToCartTest" finished-at="2025-09-09T12:19:19 IST" duration-ms="5853" status="PASS">
          <reporter-output>
          </reporter-output>
        </test-method> <!-- goToCartTest -->
      </class> <!-- saucedemo.testclasses.ProductPageTest -->
      <class name="saucedemo.testclasses.CartPageTest">
        <test-method is-config="true" signature="init()[pri:0, instance:saucedemo.testclasses.CartPageTest@58a9760d]" started-at="2025-09-09T12:19:19 IST" name="init" finished-at="2025-09-09T12:19:19 IST" duration-ms="3" status="PASS">
          <reporter-output>
          </reporter-output>
        </test-method> <!-- init -->
        <test-method signature="isCartPageTest()[pri:7, instance:saucedemo.testclasses.CartPageTest@58a9760d]" started-at="2025-09-09T12:19:19 IST" name="isCartPageTest" finished-at="2025-09-09T12:19:19 IST" duration-ms="14" status="PASS">
          <reporter-output>
          </reporter-output>
        </test-method> <!-- isCartPageTest -->
        <test-method is-config="true" signature="init()[pri:0, instance:saucedemo.testclasses.CartPageTest@58a9760d]" started-at="2025-09-09T12:19:19 IST" name="init" finished-at="2025-09-09T12:19:19 IST" duration-ms="1" status="PASS">
          <reporter-output>
          </reporter-output>
        </test-method> <!-- init -->
        <test-method signature="verifyAddedProductsTest()[pri:9, instance:saucedemo.testclasses.CartPageTest@58a9760d]" started-at="2025-09-09T12:19:19 IST" name="verifyAddedProductsTest" finished-at="2025-09-09T12:19:33 IST" duration-ms="13318" status="PASS">
          <reporter-output>
          </reporter-output>
        </test-method> <!-- verifyAddedProductsTest -->
        <test-method is-config="true" signature="init()[pri:0, instance:saucedemo.testclasses.CartPageTest@58a9760d]" started-at="2025-09-09T12:19:33 IST" name="init" finished-at="2025-09-09T12:19:33 IST" duration-ms="2" status="PASS">
          <reporter-output>
          </reporter-output>
        </test-method> <!-- init -->
        <test-method signature="clickCheckOutTest()[pri:10, instance:saucedemo.testclasses.CartPageTest@58a9760d]" started-at="2025-09-09T12:19:33 IST" name="clickCheckOutTest" finished-at="2025-09-09T12:19:34 IST" duration-ms="1301" status="PASS">
          <reporter-output>
          </reporter-output>
        </test-method> <!-- clickCheckOutTest -->
      </class> <!-- saucedemo.testclasses.CartPageTest -->
      <class name="saucedemo.testclasses.CheckOutPageTest">
        <test-method is-config="true" signature="init()[pri:0, instance:saucedemo.testclasses.CheckOutPageTest@4961f6af]" started-at="2025-09-09T12:19:34 IST" name="init" finished-at="2025-09-09T12:19:34 IST" duration-ms="2" status="PASS">
          <reporter-output>
          </reporter-output>
        </test-method> <!-- init -->
        <test-method signature="checkOutPageTest()[pri:11, instance:saucedemo.testclasses.CheckOutPageTest@4961f6af]" started-at="2025-09-09T12:19:34 IST" name="checkOutPageTest" finished-at="2025-09-09T12:19:34 IST" duration-ms="20" status="PASS">
          <reporter-output>
          </reporter-output>
        </test-method> <!-- checkOutPageTest -->
        <test-method is-config="true" signature="init()[pri:0, instance:saucedemo.testclasses.CheckOutPageTest@4961f6af]" started-at="2025-09-09T12:19:34 IST" name="init" finished-at="2025-09-09T12:19:34 IST" duration-ms="3" status="PASS">
          <reporter-output>
          </reporter-output>
        </test-method> <!-- init -->
        <test-method signature="checkOutWithoutDetailsTest()[pri:12, instance:saucedemo.testclasses.CheckOutPageTest@4961f6af]" started-at="2025-09-09T12:19:34 IST" name="checkOutWithoutDetailsTest" finished-at="2025-09-09T12:19:36 IST" duration-ms="2279" status="PASS">
          <reporter-output>
          </reporter-output>
        </test-method> <!-- checkOutWithoutDetailsTest -->
        <test-method is-config="true" signature="init()[pri:0, instance:saucedemo.testclasses.CheckOutPageTest@4961f6af]" started-at="2025-09-09T12:19:36 IST" name="init" finished-at="2025-09-09T12:19:36 IST" duration-ms="1" status="PASS">
          <reporter-output>
          </reporter-output>
        </test-method> <!-- init -->
        <test-method signature="checkOutTest()[pri:13, instance:saucedemo.testclasses.CheckOutPageTest@4961f6af]" started-at="2025-09-09T12:19:36 IST" name="checkOutTest" finished-at="2025-09-09T12:19:38 IST" duration-ms="1439" status="PASS">
          <reporter-output>
          </reporter-output>
        </test-method> <!-- checkOutTest -->
        <test-method is-config="true" signature="init()[pri:0, instance:saucedemo.testclasses.CheckOutPageTest@4961f6af]" started-at="2025-09-09T12:19:38 IST" name="init" finished-at="2025-09-09T12:19:38 IST" duration-ms="1" status="PASS">
          <reporter-output>
          </reporter-output>
        </test-method> <!-- init -->
        <test-method signature="verifyTotalAmountTest()[pri:14, instance:saucedemo.testclasses.CheckOutPageTest@4961f6af]" started-at="2025-09-09T12:19:38 IST" name="verifyTotalAmountTest" finished-at="2025-09-09T12:19:40 IST" duration-ms="2047" status="PASS">
          <reporter-output>
          </reporter-output>
        </test-method> <!-- verifyTotalAmountTest -->
        <test-method is-config="true" signature="init()[pri:0, instance:saucedemo.testclasses.CheckOutPageTest@4961f6af]" started-at="2025-09-09T12:19:40 IST" name="init" finished-at="2025-09-09T12:19:40 IST" duration-ms="1" status="PASS">
          <reporter-output>
          </reporter-output>
        </test-method> <!-- init -->
        <test-method signature="finishOrderingTest()[pri:15, instance:saucedemo.testclasses.CheckOutPageTest@4961f6af]" started-at="2025-09-09T12:19:40 IST" name="finishOrderingTest" finished-at="2025-09-09T12:19:42 IST" depends-on-methods="saucedemo.testclasses.CheckOutPageTest.verifyTotalAmountTest" duration-ms="2201" status="PASS">
          <reporter-output>
          </reporter-output>
        </test-method> <!-- finishOrderingTest -->
        <test-method is-config="true" signature="init()[pri:0, instance:saucedemo.testclasses.CheckOutPageTest@4961f6af]" started-at="2025-09-09T12:19:42 IST" name="init" finished-at="2025-09-09T12:19:42 IST" duration-ms="1" status="PASS">
          <reporter-output>
          </reporter-output>
        </test-method> <!-- init -->
        <test-method signature="homepageTest()[pri:16, instance:saucedemo.testclasses.CheckOutPageTest@4961f6af]" started-at="2025-09-09T12:19:42 IST" name="homepageTest" finished-at="2025-09-09T12:19:42 IST" duration-ms="187" status="PASS">
          <reporter-output>
          </reporter-output>
        </test-method> <!-- homepageTest -->
        <test-method is-config="true" signature="init()[pri:0, instance:saucedemo.testclasses.CheckOutPageTest@4961f6af]" started-at="2025-09-09T12:19:42 IST" name="init" finished-at="2025-09-09T12:19:42 IST" duration-ms="2" status="PASS">
          <reporter-output>
          </reporter-output>
        </test-method> <!-- init -->
        <test-method signature="logoutTest()[pri:17, instance:saucedemo.testclasses.CheckOutPageTest@4961f6af]" started-at="2025-09-09T12:19:42 IST" name="logoutTest" finished-at="2025-09-09T12:19:45 IST" duration-ms="2359" status="PASS">
          <reporter-output>
          </reporter-output>
        </test-method> <!-- logoutTest -->
      </class> <!-- saucedemo.testclasses.CheckOutPageTest -->
      <class name="saucedemo.testclasses.LoginPageTest">
        <test-method is-config="true" signature="setup()[pri:0, instance:saucedemo.testclasses.LoginPageTest@158a8276]" started-at="2025-09-09T12:18:37 IST" name="setup" finished-at="2025-09-09T12:18:43 IST" duration-ms="6467" status="PASS">
          <reporter-output>
          </reporter-output>
        </test-method> <!-- setup -->
        <test-method is-config="true" signature="init()[pri:0, instance:saucedemo.testclasses.LoginPageTest@158a8276]" started-at="2025-09-09T12:18:44 IST" name="init" finished-at="2025-09-09T12:18:44 IST" duration-ms="4" status="PASS">
          <reporter-output>
          </reporter-output>
        </test-method> <!-- init -->
        <test-method signature="urlWorking()[pri:1, instance:saucedemo.testclasses.LoginPageTest@158a8276]" started-at="2025-09-09T12:18:44 IST" name="urlWorking" finished-at="2025-09-09T12:18:44 IST" duration-ms="96" status="PASS">
          <reporter-output>
          </reporter-output>
        </test-method> <!-- urlWorking -->
        <test-method is-config="true" signature="close()[pri:0, instance:saucedemo.testclasses.LoginPageTest@158a8276]" started-at="2025-09-09T12:18:44 IST" name="close" finished-at="2025-09-09T12:18:45 IST" duration-ms="1177" status="PASS">
          <reporter-output>
          </reporter-output>
        </test-method> <!-- close -->
        <test-method is-config="true" signature="init()[pri:0, instance:saucedemo.testclasses.LoginPageTest@158a8276]" started-at="2025-09-09T12:18:45 IST" name="init" finished-at="2025-09-09T12:18:45 IST" duration-ms="1" status="PASS">
          <reporter-output>
          </reporter-output>
        </test-method> <!-- init -->
        <test-method signature="inValidLogin()[pri:2, instance:saucedemo.testclasses.LoginPageTest@158a8276]" started-at="2025-09-09T12:18:45 IST" name="inValidLogin" finished-at="2025-09-09T12:18:46 IST" duration-ms="678" status="PASS">
          <reporter-output>
          </reporter-output>
        </test-method> <!-- inValidLogin -->
        <test-method is-config="true" signature="close()[pri:0, instance:saucedemo.testclasses.LoginPageTest@158a8276]" started-at="2025-09-09T12:18:46 IST" name="close" finished-at="2025-09-09T12:18:46 IST" duration-ms="249" status="PASS">
          <reporter-output>
          </reporter-output>
        </test-method> <!-- close -->
        <test-method is-config="true" signature="init()[pri:0, instance:saucedemo.testclasses.LoginPageTest@158a8276]" started-at="2025-09-09T12:18:46 IST" name="init" finished-at="2025-09-09T12:18:46 IST" duration-ms="1" status="PASS">
          <reporter-output>
          </reporter-output>
        </test-method> <!-- init -->
        <test-method signature="lockedUser()[pri:3, instance:saucedemo.testclasses.LoginPageTest@158a8276]" started-at="2025-09-09T12:18:46 IST" name="lockedUser" finished-at="2025-09-09T12:18:47 IST" duration-ms="514" status="PASS">
          <reporter-output>
          </reporter-output>
        </test-method> <!-- lockedUser -->
        <test-method is-config="true" signature="close()[pri:0, instance:saucedemo.testclasses.LoginPageTest@158a8276]" started-at="2025-09-09T12:18:47 IST" name="close" finished-at="2025-09-09T12:18:47 IST" duration-ms="191" status="PASS">
          <reporter-output>
          </reporter-output>
        </test-method> <!-- close -->
        <test-method is-config="true" signature="init()[pri:0, instance:saucedemo.testclasses.LoginPageTest@158a8276]" started-at="2025-09-09T12:18:47 IST" name="init" finished-at="2025-09-09T12:18:47 IST" duration-ms="2" status="PASS">
          <reporter-output>
          </reporter-output>
        </test-method> <!-- init -->
        <test-method signature="validLogin()[pri:4, instance:saucedemo.testclasses.LoginPageTest@158a8276]" started-at="2025-09-09T12:18:47 IST" name="validLogin" finished-at="2025-09-09T12:18:47 IST" duration-ms="643" status="PASS">
          <reporter-output>
          </reporter-output>
        </test-method> <!-- validLogin -->
        <test-method is-config="true" signature="close()[pri:0, instance:saucedemo.testclasses.LoginPageTest@158a8276]" started-at="2025-09-09T12:18:47 IST" name="close" finished-at="2025-09-09T12:18:48 IST" duration-ms="159" status="PASS">
          <reporter-output>
          </reporter-output>
        </test-method> <!-- close -->
        <test-method is-config="true" signature="teardown()[pri:0, instance:saucedemo.testclasses.LoginPageTest@158a8276]" started-at="2025-09-09T12:19:46 IST" name="teardown" finished-at="2025-09-09T12:19:46 IST" duration-ms="525" status="PASS">
          <reporter-output>
          </reporter-output>
        </test-method> <!-- teardown -->
      </class> <!-- saucedemo.testclasses.LoginPageTest -->
    </test> <!-- Test -->
  </suite> <!-- Suite -->
</testng-results>
