<?xml version="1.0" encoding="UTF-8"?>
<testng-results ignored="0" total="21" passed="20" failed="1" skipped="0">
  <reporter-output>
  </reporter-output>
  <suite started-at="2025-09-08T13:19:33 IST" name="Suite" finished-at="2025-09-08T13:20:27 IST" duration-ms="53906">
    <groups>
    </groups>
    <test started-at="2025-09-08T13:19:33 IST" name="Test" finished-at="2025-09-08T13:20:27 IST" duration-ms="53906">
      <class name="saucedemo.testclasses.ProductPageTest">
        <test-method is-config="true" signature="init()[pri:0, instance:saucedemo.testclasses.ProductPageTest@58a9760d]" started-at="2025-09-08T13:19:37 IST" name="init" finished-at="2025-09-08T13:19:37 IST" duration-ms="5" status="PASS">
          <reporter-output>
          </reporter-output>
        </test-method> <!-- init -->
        <test-method signature="productDisplayed()[pri:1, instance:saucedemo.testclasses.ProductPageTest@58a9760d]" started-at="2025-09-08T13:19:37 IST" name="productDisplayed" finished-at="2025-09-08T13:19:37 IST" duration-ms="328" status="PASS">
          <reporter-output>
          </reporter-output>
        </test-method> <!-- productDisplayed -->
        <test-method is-config="true" signature="init()[pri:0, instance:saucedemo.testclasses.ProductPageTest@58a9760d]" started-at="2025-09-08T13:19:37 IST" name="init" finished-at="2025-09-08T13:19:37 IST" duration-ms="1" status="PASS">
          <reporter-output>
          </reporter-output>
        </test-method> <!-- init -->
        <test-method signature="filterTest()[pri:2, instance:saucedemo.testclasses.ProductPageTest@58a9760d]" started-at="2025-09-08T13:19:37 IST" name="filterTest" finished-at="2025-09-08T13:19:41 IST" duration-ms="4077" status="PASS">
          <reporter-output>
          </reporter-output>
        </test-method> <!-- filterTest -->
        <test-method is-config="true" signature="init()[pri:0, instance:saucedemo.testclasses.ProductPageTest@58a9760d]" started-at="2025-09-08T13:19:41 IST" name="init" finished-at="2025-09-08T13:19:41 IST" duration-ms="1" status="PASS">
          <reporter-output>
          </reporter-output>
        </test-method> <!-- init -->
        <test-method signature="addProductToCart()[pri:3, instance:saucedemo.testclasses.ProductPageTest@58a9760d]" started-at="2025-09-08T13:19:41 IST" name="addProductToCart" finished-at="2025-09-08T13:19:45 IST" duration-ms="3089" status="PASS">
          <reporter-output>
          </reporter-output>
        </test-method> <!-- addProductToCart -->
        <test-method is-config="true" signature="init()[pri:0, instance:saucedemo.testclasses.ProductPageTest@58a9760d]" started-at="2025-09-08T13:19:45 IST" name="init" finished-at="2025-09-08T13:19:45 IST" duration-ms="2" status="PASS">
          <reporter-output>
          </reporter-output>
        </test-method> <!-- init -->
        <test-method signature="detailsTest()[pri:4, instance:saucedemo.testclasses.ProductPageTest@58a9760d]" started-at="2025-09-08T13:19:45 IST" name="detailsTest" finished-at="2025-09-08T13:19:46 IST" duration-ms="1268" status="PASS">
          <reporter-output>
          </reporter-output>
        </test-method> <!-- detailsTest -->
        <test-method is-config="true" signature="init()[pri:0, instance:saucedemo.testclasses.ProductPageTest@58a9760d]" started-at="2025-09-08T13:19:46 IST" name="init" finished-at="2025-09-08T13:19:46 IST" duration-ms="1" status="PASS">
          <reporter-output>
          </reporter-output>
        </test-method> <!-- init -->
        <test-method signature="removeProductFromCart()[pri:5, instance:saucedemo.testclasses.ProductPageTest@58a9760d]" started-at="2025-09-08T13:19:46 IST" name="removeProductFromCart" finished-at="2025-09-08T13:19:58 IST" duration-ms="11914" status="PASS">
          <reporter-output>
          </reporter-output>
        </test-method> <!-- removeProductFromCart -->
        <test-method is-config="true" signature="init()[pri:0, instance:saucedemo.testclasses.ProductPageTest@58a9760d]" started-at="2025-09-08T13:19:58 IST" name="init" finished-at="2025-09-08T13:19:58 IST" duration-ms="1" status="PASS">
          <reporter-output>
          </reporter-output>
        </test-method> <!-- init -->
        <test-method signature="goToCartTest()[pri:6, instance:saucedemo.testclasses.ProductPageTest@58a9760d]" started-at="2025-09-08T13:19:58 IST" name="goToCartTest" finished-at="2025-09-08T13:20:00 IST" duration-ms="2037" status="PASS">
          <reporter-output>
          </reporter-output>
        </test-method> <!-- goToCartTest -->
      </class> <!-- saucedemo.testclasses.ProductPageTest -->
      <class name="saucedemo.testclasses.CartPageTest">
        <test-method is-config="true" signature="init()[pri:0, instance:saucedemo.testclasses.CartPageTest@71e9ddb4]" started-at="2025-09-08T13:20:00 IST" name="init" finished-at="2025-09-08T13:20:00 IST" duration-ms="2" status="PASS">
          <reporter-output>
          </reporter-output>
        </test-method> <!-- init -->
        <test-method signature="isCartPageTest()[pri:7, instance:saucedemo.testclasses.CartPageTest@71e9ddb4]" started-at="2025-09-08T13:20:00 IST" name="isCartPageTest" finished-at="2025-09-08T13:20:00 IST" duration-ms="12" status="PASS">
          <reporter-output>
          </reporter-output>
        </test-method> <!-- isCartPageTest -->
        <test-method is-config="true" signature="init()[pri:0, instance:saucedemo.testclasses.CartPageTest@71e9ddb4]" started-at="2025-09-08T13:20:00 IST" name="init" finished-at="2025-09-08T13:20:00 IST" duration-ms="1" status="PASS">
          <reporter-output>
          </reporter-output>
        </test-method> <!-- init -->
        <test-method signature="checkCartWithEmptyTest()[pri:8, instance:saucedemo.testclasses.CartPageTest@71e9ddb4]" started-at="2025-09-08T13:20:00 IST" name="checkCartWithEmptyTest" finished-at="2025-09-08T13:20:13 IST" duration-ms="12882" status="FAIL">
          <exception class="java.lang.AssertionError">
            <message>
              <![CDATA[BUG: Checkout is opening even when cart is empty! expected [false] but found [true]]]>
            </message>
            <full-stacktrace>
              <![CDATA[java.lang.AssertionError: BUG: Checkout is opening even when cart is empty! expected [false] but found [true]
at org.testng.Assert.fail(Assert.java:111)
at org.testng.Assert.failNotEquals(Assert.java:1590)
at org.testng.Assert.assertFalse(Assert.java:79)
at saucedemo.testclasses.CartPageTest.checkCartWithEmptyTest(CartPageTest.java:40)
at java.base/jdk.internal.reflect.DirectMethodHandleAccessor.invoke(DirectMethodHandleAccessor.java:103)
at java.base/java.lang.reflect.Method.invoke(Method.java:580)
at org.testng.internal.invokers.MethodInvocationHelper.invokeMethod(MethodInvocationHelper.java:141)
at org.testng.internal.invokers.TestInvoker.invokeMethod(TestInvoker.java:687)
at org.testng.internal.invokers.TestInvoker.invokeTestMethod(TestInvoker.java:230)
at org.testng.internal.invokers.MethodRunner.runInSequence(MethodRunner.java:63)
at org.testng.internal.invokers.TestInvoker$MethodInvocationAgent.invoke(TestInvoker.java:995)
at org.testng.internal.invokers.TestInvoker.invokeTestMethods(TestInvoker.java:203)
at org.testng.internal.invokers.TestMethodWorker.invokeTestMethods(TestMethodWorker.java:154)
at org.testng.internal.invokers.TestMethodWorker.run(TestMethodWorker.java:134)
at java.base/java.util.ArrayList.forEach(ArrayList.java:1596)
at org.testng.TestRunner.privateRun(TestRunner.java:741)
at org.testng.TestRunner.run(TestRunner.java:616)
at org.testng.SuiteRunner.runTest(SuiteRunner.java:421)
at org.testng.SuiteRunner.runSequentially(SuiteRunner.java:413)
at org.testng.SuiteRunner.privateRun(SuiteRunner.java:373)
at org.testng.SuiteRunner.run(SuiteRunner.java:312)
at org.testng.SuiteRunnerWorker.runSuite(SuiteRunnerWorker.java:52)
at org.testng.SuiteRunnerWorker.run(SuiteRunnerWorker.java:95)
at org.testng.TestNG.runSuitesSequentially(TestNG.java:1274)
at org.testng.TestNG.runSuitesLocally(TestNG.java:1208)
at org.testng.TestNG.runSuites(TestNG.java:1112)
at org.testng.TestNG.run(TestNG.java:1079)
at org.testng.remote.AbstractRemoteTestNG.run(AbstractRemoteTestNG.java:115)
at org.testng.remote.RemoteTestNG.initAndRun(RemoteTestNG.java:293)
at org.testng.remote.RemoteTestNG.main(RemoteTestNG.java:91)
]]>
            </full-stacktrace>
          </exception> <!-- java.lang.AssertionError -->
          <reporter-output>
          </reporter-output>
        </test-method> <!-- checkCartWithEmptyTest -->
        <test-method is-config="true" signature="init()[pri:0, instance:saucedemo.testclasses.CartPageTest@71e9ddb4]" started-at="2025-09-08T13:20:13 IST" name="init" finished-at="2025-09-08T13:20:13 IST" duration-ms="1" status="PASS">
          <reporter-output>
          </reporter-output>
        </test-method> <!-- init -->
        <test-method signature="verifyAddedProductsTest()[pri:9, instance:saucedemo.testclasses.CartPageTest@71e9ddb4]" started-at="2025-09-08T13:20:13 IST" name="verifyAddedProductsTest" finished-at="2025-09-08T13:20:17 IST" duration-ms="4174" status="PASS">
          <reporter-output>
          </reporter-output>
        </test-method> <!-- verifyAddedProductsTest -->
        <test-method is-config="true" signature="init()[pri:0, instance:saucedemo.testclasses.CartPageTest@71e9ddb4]" started-at="2025-09-08T13:20:17 IST" name="init" finished-at="2025-09-08T13:20:17 IST" duration-ms="1" status="PASS">
          <reporter-output>
          </reporter-output>
        </test-method> <!-- init -->
        <test-method signature="clickCheckOutTest()[pri:10, instance:saucedemo.testclasses.CartPageTest@71e9ddb4]" started-at="2025-09-08T13:20:17 IST" name="clickCheckOutTest" finished-at="2025-09-08T13:20:17 IST" duration-ms="313" status="PASS">
          <reporter-output>
          </reporter-output>
        </test-method> <!-- clickCheckOutTest -->
      </class> <!-- saucedemo.testclasses.CartPageTest -->
      <class name="saucedemo.testclasses.CheckOutPageTest">
        <test-method is-config="true" signature="init()[pri:0, instance:saucedemo.testclasses.CheckOutPageTest@5aebe890]" started-at="2025-09-08T13:20:17 IST" name="init" finished-at="2025-09-08T13:20:17 IST" duration-ms="3" status="PASS">
          <reporter-output>
          </reporter-output>
        </test-method> <!-- init -->
        <test-method signature="checkOutPageTest()[pri:11, instance:saucedemo.testclasses.CheckOutPageTest@5aebe890]" started-at="2025-09-08T13:20:17 IST" name="checkOutPageTest" finished-at="2025-09-08T13:20:17 IST" duration-ms="15" status="PASS">
          <reporter-output>
          </reporter-output>
        </test-method> <!-- checkOutPageTest -->
        <test-method is-config="true" signature="init()[pri:0, instance:saucedemo.testclasses.CheckOutPageTest@5aebe890]" started-at="2025-09-08T13:20:17 IST" name="init" finished-at="2025-09-08T13:20:17 IST" duration-ms="3" status="PASS">
          <reporter-output>
          </reporter-output>
        </test-method> <!-- init -->
        <test-method signature="checkOutWithoutDetailsTest()[pri:12, instance:saucedemo.testclasses.CheckOutPageTest@5aebe890]" started-at="2025-09-08T13:20:17 IST" name="checkOutWithoutDetailsTest" finished-at="2025-09-08T13:20:19 IST" duration-ms="2216" status="PASS">
          <reporter-output>
          </reporter-output>
        </test-method> <!-- checkOutWithoutDetailsTest -->
        <test-method is-config="true" signature="init()[pri:0, instance:saucedemo.testclasses.CheckOutPageTest@5aebe890]" started-at="2025-09-08T13:20:19 IST" name="init" finished-at="2025-09-08T13:20:19 IST" duration-ms="1" status="PASS">
          <reporter-output>
          </reporter-output>
        </test-method> <!-- init -->
        <test-method signature="checkOutTest()[pri:13, instance:saucedemo.testclasses.CheckOutPageTest@5aebe890]" started-at="2025-09-08T13:20:19 IST" name="checkOutTest" finished-at="2025-09-08T13:20:20 IST" duration-ms="691" status="PASS">
          <reporter-output>
          </reporter-output>
        </test-method> <!-- checkOutTest -->
        <test-method is-config="true" signature="init()[pri:0, instance:saucedemo.testclasses.CheckOutPageTest@5aebe890]" started-at="2025-09-08T13:20:20 IST" name="init" finished-at="2025-09-08T13:20:20 IST" duration-ms="1" status="PASS">
          <reporter-output>
          </reporter-output>
        </test-method> <!-- init -->
        <test-method signature="verifyTotalAmountTest()[pri:14, instance:saucedemo.testclasses.CheckOutPageTest@5aebe890]" started-at="2025-09-08T13:20:20 IST" name="verifyTotalAmountTest" finished-at="2025-09-08T13:20:22 IST" duration-ms="2065" status="PASS">
          <reporter-output>
          </reporter-output>
        </test-method> <!-- verifyTotalAmountTest -->
        <test-method signature="finishOrderingTest()[pri:15, instance:saucedemo.testclasses.CheckOutPageTest@5aebe890]" started-at="2025-09-08T13:20:22 IST" name="finishOrderingTest" finished-at="2025-09-08T13:20:24 IST" depends-on-methods="saucedemo.testclasses.CheckOutPageTest.verifyTotalAmountTest" duration-ms="2205" status="PASS">
          <reporter-output>
          </reporter-output>
        </test-method> <!-- finishOrderingTest -->
        <test-method is-config="true" signature="init()[pri:0, instance:saucedemo.testclasses.CheckOutPageTest@5aebe890]" started-at="2025-09-08T13:20:22 IST" name="init" finished-at="2025-09-08T13:20:22 IST" duration-ms="0" status="PASS">
          <reporter-output>
          </reporter-output>
        </test-method> <!-- init -->
        <test-method is-config="true" signature="init()[pri:0, instance:saucedemo.testclasses.CheckOutPageTest@5aebe890]" started-at="2025-09-08T13:20:24 IST" name="init" finished-at="2025-09-08T13:20:24 IST" duration-ms="2" status="PASS">
          <reporter-output>
          </reporter-output>
        </test-method> <!-- init -->
        <test-method signature="homepageTest()[pri:16, instance:saucedemo.testclasses.CheckOutPageTest@5aebe890]" started-at="2025-09-08T13:20:24 IST" name="homepageTest" finished-at="2025-09-08T13:20:25 IST" duration-ms="165" status="PASS">
          <reporter-output>
          </reporter-output>
        </test-method> <!-- homepageTest -->
        <test-method is-config="true" signature="init()[pri:0, instance:saucedemo.testclasses.CheckOutPageTest@5aebe890]" started-at="2025-09-08T13:20:25 IST" name="init" finished-at="2025-09-08T13:20:25 IST" duration-ms="1" status="PASS">
          <reporter-output>
          </reporter-output>
        </test-method> <!-- init -->
        <test-method signature="logoutTest()[pri:17, instance:saucedemo.testclasses.CheckOutPageTest@5aebe890]" started-at="2025-09-08T13:20:25 IST" name="logoutTest" finished-at="2025-09-08T13:20:27 IST" duration-ms="2417" status="PASS">
          <reporter-output>
          </reporter-output>
        </test-method> <!-- logoutTest -->
      </class> <!-- saucedemo.testclasses.CheckOutPageTest -->
      <class name="saucedemo.testclasses.LoginPageTest">
        <test-method is-config="true" signature="setup()[pri:0, instance:saucedemo.testclasses.LoginPageTest@3c3d9b6b]" started-at="2025-09-08T13:19:27 IST" name="setup" finished-at="2025-09-08T13:19:33 IST" duration-ms="6482" status="PASS">
          <reporter-output>
          </reporter-output>
        </test-method> <!-- setup -->
        <test-method is-config="true" signature="init()[pri:0, instance:saucedemo.testclasses.LoginPageTest@3c3d9b6b]" started-at="2025-09-08T13:19:34 IST" name="init" finished-at="2025-09-08T13:19:34 IST" duration-ms="4" status="PASS">
          <reporter-output>
          </reporter-output>
        </test-method> <!-- init -->
        <test-method signature="urlWorking()[pri:1, instance:saucedemo.testclasses.LoginPageTest@3c3d9b6b]" started-at="2025-09-08T13:19:34 IST" name="urlWorking" finished-at="2025-09-08T13:19:34 IST" duration-ms="104" status="PASS">
          <reporter-output>
          </reporter-output>
        </test-method> <!-- urlWorking -->
        <test-method is-config="true" signature="close()[pri:0, instance:saucedemo.testclasses.LoginPageTest@3c3d9b6b]" started-at="2025-09-08T13:19:34 IST" name="close" finished-at="2025-09-08T13:19:34 IST" duration-ms="236" status="PASS">
          <reporter-output>
          </reporter-output>
        </test-method> <!-- close -->
        <test-method is-config="true" signature="init()[pri:0, instance:saucedemo.testclasses.LoginPageTest@3c3d9b6b]" started-at="2025-09-08T13:19:34 IST" name="init" finished-at="2025-09-08T13:19:34 IST" duration-ms="4" status="PASS">
          <reporter-output>
          </reporter-output>
        </test-method> <!-- init -->
        <test-method signature="inValidLogin()[pri:2, instance:saucedemo.testclasses.LoginPageTest@3c3d9b6b]" started-at="2025-09-08T13:19:34 IST" name="inValidLogin" finished-at="2025-09-08T13:19:35 IST" duration-ms="630" status="PASS">
          <reporter-output>
          </reporter-output>
        </test-method> <!-- inValidLogin -->
        <test-method is-config="true" signature="close()[pri:0, instance:saucedemo.testclasses.LoginPageTest@3c3d9b6b]" started-at="2025-09-08T13:19:35 IST" name="close" finished-at="2025-09-08T13:19:35 IST" duration-ms="105" status="PASS">
          <reporter-output>
          </reporter-output>
        </test-method> <!-- close -->
        <test-method is-config="true" signature="init()[pri:0, instance:saucedemo.testclasses.LoginPageTest@3c3d9b6b]" started-at="2025-09-08T13:19:35 IST" name="init" finished-at="2025-09-08T13:19:35 IST" duration-ms="10" status="PASS">
          <reporter-output>
          </reporter-output>
        </test-method> <!-- init -->
        <test-method signature="lockedUser()[pri:3, instance:saucedemo.testclasses.LoginPageTest@3c3d9b6b]" started-at="2025-09-08T13:19:35 IST" name="lockedUser" finished-at="2025-09-08T13:19:36 IST" duration-ms="527" status="PASS">
          <reporter-output>
          </reporter-output>
        </test-method> <!-- lockedUser -->
        <test-method is-config="true" signature="close()[pri:0, instance:saucedemo.testclasses.LoginPageTest@3c3d9b6b]" started-at="2025-09-08T13:19:36 IST" name="close" finished-at="2025-09-08T13:19:36 IST" duration-ms="125" status="PASS">
          <reporter-output>
          </reporter-output>
        </test-method> <!-- close -->
        <test-method is-config="true" signature="init()[pri:0, instance:saucedemo.testclasses.LoginPageTest@3c3d9b6b]" started-at="2025-09-08T13:19:36 IST" name="init" finished-at="2025-09-08T13:19:36 IST" duration-ms="1" status="PASS">
          <reporter-output>
          </reporter-output>
        </test-method> <!-- init -->
        <test-method signature="validLogin()[pri:4, instance:saucedemo.testclasses.LoginPageTest@3c3d9b6b]" started-at="2025-09-08T13:19:36 IST" name="validLogin" finished-at="2025-09-08T13:19:37 IST" duration-ms="924" status="PASS">
          <reporter-output>
          </reporter-output>
        </test-method> <!-- validLogin -->
        <test-method is-config="true" signature="close()[pri:0, instance:saucedemo.testclasses.LoginPageTest@3c3d9b6b]" started-at="2025-09-08T13:19:37 IST" name="close" finished-at="2025-09-08T13:19:37 IST" duration-ms="448" status="PASS">
          <reporter-output>
          </reporter-output>
        </test-method> <!-- close -->
        <test-method is-config="true" signature="teardown()[pri:0, instance:saucedemo.testclasses.LoginPageTest@3c3d9b6b]" started-at="2025-09-08T13:20:28 IST" name="teardown" finished-at="2025-09-08T13:20:29 IST" duration-ms="829" status="PASS">
          <reporter-output>
          </reporter-output>
        </test-method> <!-- teardown -->
      </class> <!-- saucedemo.testclasses.LoginPageTest -->
    </test> <!-- Test -->
  </suite> <!-- Suite -->
</testng-results>
